<?xml version="1.0" encoding="UTF-8"?>
<!-- Generated by org.testng.reporters.JUnitReportReporter -->
<testsuite hostname="Lucky" failures="0" tests="4" name="tests.BookTests" time="0.241" errors="0" timestamp="2025-09-08T14:27:20 IST" skipped="0">
  <testcase classname="tests.BookTests" name="testUpdateBook" time="0.094"/>
  <testcase classname="tests.BookTests" name="testDeleteBook" time="0.059"/>
  <testcase classname="tests.BookTests" name="testGetBooks" time="0.043"/>
  <testcase classname="tests.BookTests" name="testAddBook" time="0.045"/>
</testsuite> <!-- tests.BookTests -->
