<?xml version="1.0" encoding="UTF-8"?>
<!-- Generated by org.testng.reporters.JUnitReportReporter -->
<testsuite hostname="Lucky" failures="0" tests="4" name="tests.BorrowTests" time="0.312" errors="0" timestamp="2025-09-06T23:50:45 IST" skipped="0">
  <testcase classname="tests.BorrowTests" name="testBorrowBook" time="0.056"/>
  <testcase classname="tests.BorrowTests" name="testGetBorrowedBooks" time="0.051"/>
  <testcase classname="tests.BorrowTests" name="testDeleteBorrow" time="0.102"/>
  <testcase classname="tests.BorrowTests" name="testUpdateBorrow" time="0.103"/>
</testsuite> <!-- tests.BorrowTests -->
