<?xml version="1.0" encoding="UTF-8"?>
<!-- Generated by org.testng.reporters.JUnitReportReporter -->
<testsuite hostname="Lucky" failures="0" tests="4" name="tests.BookTests" time="0.243" errors="0" timestamp="2025-09-06T23:50:45 IST" skipped="0">
  <testcase classname="tests.BookTests" name="testAddBook" time="0.046"/>
  <testcase classname="tests.BookTests" name="testDeleteBook" time="0.051"/>
  <testcase classname="tests.BookTests" name="testGetBooks" time="0.037"/>
  <testcase classname="tests.BookTests" name="testUpdateBook" time="0.109"/>
</testsuite> <!-- tests.BookTests -->
