<?xml version="1.0" encoding="UTF-8"?>
<!-- Generated by org.testng.reporters.JUnitReportReporter -->
<testsuite hostname="Lucky" failures="0" tests="4" name="tests.BorrowTests" time="0.194" errors="0" timestamp="2025-09-08T14:27:20 IST" skipped="0">
  <testcase classname="tests.BorrowTests" name="testDeleteBorrow" time="0.061"/>
  <testcase classname="tests.BorrowTests" name="testGetBorrowedBooks" time="0.030"/>
  <testcase classname="tests.BorrowTests" name="testBorrowBook" time="0.040"/>
  <testcase classname="tests.BorrowTests" name="testUpdateBorrow" time="0.063"/>
</testsuite> <!-- tests.BorrowTests -->
