<?xml version="1.0" encoding="UTF-8"?>
<!-- Generated by org.testng.reporters.JUnitReportReporter -->
<testsuite hostname="Lucky" failures="0" tests="4" name="tests.UserTests" time="2.359" errors="0" timestamp="2025-09-06T23:50:45 IST" skipped="0">
  <testcase classname="tests.UserTests" name="testGetUsers" time="0.115"/>
  <testcase classname="tests.UserTests" name="testUpdateUser" time="0.151"/>
  <testcase classname="tests.UserTests" name="testDeleteUser" time="0.127"/>
  <testcase classname="tests.UserTests" name="testCreateUser" time="1.966"/>
</testsuite> <!-- tests.UserTests -->
