<?xml version="1.0" encoding="UTF-8"?>
<!-- Generated by org.testng.reporters.JUnitReportReporter -->
<testsuite hostname="Lucky" failures="0" tests="4" name="tests.UserTests" time="3.148" errors="0" timestamp="2025-09-08T14:27:20 IST" skipped="0">
  <testcase classname="tests.UserTests" name="testGetUsers" time="0.106"/>
  <testcase classname="tests.UserTests" name="testUpdateUser" time="0.131"/>
  <testcase classname="tests.UserTests" name="testDeleteUser" time="0.159"/>
  <testcase classname="tests.UserTests" name="testCreateUser" time="2.752"/>
</testsuite> <!-- tests.UserTests -->
